<?xml version="1.0" encoding="UTF-8"?>
<testsuite xmlns:xsi="http://www.w3.org/2001/XMLSchema-instance" xsi:noNamespaceSchemaLocation="https://maven.apache.org/surefire/maven-surefire-plugin/xsd/surefire-test-report-3.0.xsd" version="3.0" name="sg.edu.nus.iss.cicddemo.CicdDemoApplicationTests" time="0.007" tests="1" errors="0" skipped="0" failures="0">
  <properties>
[...]
</properties>
  <testcase name="contextLoads" classname="sg.edu.nus.iss.cicddemo.CicdDemoApplicationTests" time="0.002">
    <system-out><![CDATA[2024-07-24T13:04:19.811+08:00  INFO 19674 --- [           main] t.c.s.AnnotationConfigContextLoaderUtils : Could not detect default configuration classes for test class [sg.edu.nus.iss.cicddemo.CicdDemoApplicationTests]: CicdDemoApplicationTests does not declare any static, non-private, non-final, nested classes annotated with @Configuration.
2024-07-24T13:04:19.812+08:00  INFO 19674 --- [           main] .b.t.c.SpringBootTestContextBootstrapper : Found @SpringBootConfiguration sg.edu.nus.iss.cicddemo.CicdDemoApplication for test class sg.edu.nus.iss.cicddemo.CicdDemoApplicationTests
]]></system-out>
  </testcase>
</testsuite>